<?xml version="1.0" encoding="UTF-8"?>
<testng-results ignored="0" total="3" passed="2" failed="1" skipped="0">
  <reporter-output>
  </reporter-output>
  <suite started-at="2022-11-28T18:05:33 EET" name="Itqan_Task" finished-at="2022-11-28T18:05:55 EET" duration-ms="21711">
    <groups>
    </groups>
    <test started-at="2022-11-28T18:05:33 EET" name="User_Registeration" finished-at="2022-11-28T18:05:55 EET" duration-ms="21711">
      <class name="Tests.Fill_Register_Data">
        <test-method is-config="true" signature="startDriver()[pri:0, instance:Tests.Fill_Register_Data@3b6ddd1d]" started-at="2022-11-28T18:05:20 EET" name="startDriver" finished-at="2022-11-28T18:05:33 EET" duration-ms="13061" status="PASS">
          <reporter-output>
          </reporter-output>
        </test-method> <!-- startDriver -->
        <test-method signature="userclickMyAccount()[pri:1, instance:Tests.Fill_Register_Data@3b6ddd1d]" started-at="2022-11-28T18:05:33 EET" name="userclickMyAccount" finished-at="2022-11-28T18:05:40 EET" duration-ms="7128" status="PASS">
          <reporter-output>
          </reporter-output>
        </test-method> <!-- userclickMyAccount -->
        <test-method signature="userclickregister()[pri:2, instance:Tests.Fill_Register_Data@3b6ddd1d]" started-at="2022-11-28T18:05:41 EET" name="userclickregister" finished-at="2022-11-28T18:05:47 EET" duration-ms="6804" status="PASS">
          <reporter-output>
          </reporter-output>
        </test-method> <!-- userclickregister -->
        <test-method signature="userRegister()[pri:3, instance:Tests.Fill_Register_Data@3b6ddd1d]" started-at="2022-11-28T18:05:47 EET" name="userRegister" finished-at="2022-11-28T18:05:55 EET" duration-ms="7733" status="FAIL">
          <exception class="java.lang.AssertionError">
            <message>
              <![CDATA[expected [My Account] but found [Create New Customer Account]]]>
            </message>
            <full-stacktrace>
              <![CDATA[java.lang.AssertionError: expected [My Account] but found [Create New Customer Account]
at org.testng.Assert.fail(Assert.java:99)
at org.testng.Assert.failNotEquals(Assert.java:1037)
at org.testng.Assert.assertEqualsImpl(Assert.java:140)
at org.testng.Assert.assertEquals(Assert.java:122)
at org.testng.Assert.assertEquals(Assert.java:629)
at org.testng.Assert.assertEquals(Assert.java:639)
at Tests.Fill_Register_Data.userRegister(Fill_Register_Data.java:42)
at java.base/jdk.internal.reflect.NativeMethodAccessorImpl.invoke0(Native Method)
at java.base/jdk.internal.reflect.NativeMethodAccessorImpl.invoke(NativeMethodAccessorImpl.java:62)
at java.base/jdk.internal.reflect.DelegatingMethodAccessorImpl.invoke(DelegatingMethodAccessorImpl.java:43)
at java.base/java.lang.reflect.Method.invoke(Method.java:566)
at org.testng.internal.MethodInvocationHelper.invokeMethod(MethodInvocationHelper.java:133)
at org.testng.internal.TestInvoker.invokeMethod(TestInvoker.java:598)
at org.testng.internal.TestInvoker.invokeTestMethod(TestInvoker.java:173)
at org.testng.internal.MethodRunner.runInSequence(MethodRunner.java:46)
at org.testng.internal.TestInvoker$MethodInvocationAgent.invoke(TestInvoker.java:824)
at org.testng.internal.TestInvoker.invokeTestMethods(TestInvoker.java:146)
at org.testng.internal.TestMethodWorker.invokeTestMethods(TestMethodWorker.java:146)
at org.testng.internal.TestMethodWorker.run(TestMethodWorker.java:128)
at java.base/java.util.ArrayList.forEach(ArrayList.java:1541)
at org.testng.TestRunner.privateRun(TestRunner.java:794)
at org.testng.TestRunner.run(TestRunner.java:596)
at org.testng.SuiteRunner.runTest(SuiteRunner.java:377)
at org.testng.SuiteRunner.runSequentially(SuiteRunner.java:371)
at org.testng.SuiteRunner.privateRun(SuiteRunner.java:332)
at org.testng.SuiteRunner.run(SuiteRunner.java:276)
at org.testng.SuiteRunnerWorker.runSuite(SuiteRunnerWorker.java:53)
at org.testng.SuiteRunnerWorker.run(SuiteRunnerWorker.java:96)
at org.testng.TestNG.runSuitesSequentially(TestNG.java:1212)
at org.testng.TestNG.runSuitesLocally(TestNG.java:1134)
at org.testng.TestNG.runSuites(TestNG.java:1063)
at org.testng.TestNG.run(TestNG.java:1031)
at org.testng.remote.AbstractRemoteTestNG.run(AbstractRemoteTestNG.java:115)
at org.testng.remote.RemoteTestNG.initAndRun(RemoteTestNG.java:251)
at org.testng.remote.RemoteTestNG.main(RemoteTestNG.java:77)
]]>
            </full-stacktrace>
          </exception> <!-- java.lang.AssertionError -->
          <reporter-output>
          </reporter-output>
        </test-method> <!-- userRegister -->
        <test-method is-config="true" signature="stopDriver()[pri:0, instance:Tests.Fill_Register_Data@3b6ddd1d]" started-at="2022-11-28T18:05:55 EET" name="stopDriver" finished-at="2022-11-28T18:05:55 EET" duration-ms="282" status="PASS">
          <reporter-output>
          </reporter-output>
        </test-method> <!-- stopDriver -->
      </class> <!-- Tests.Fill_Register_Data -->
    </test> <!-- User_Registeration -->
  </suite> <!-- Itqan_Task -->
</testng-results>
